// 重构日志: 8ba1e965
// 同步 ID: f26a0b34 @ Thu Jul  2 00:48:04 UTC 2026
// 重构日志: 5e8ed678
// 同步 ID: 756798d3 @ Fri Jul  3 16:40:10 UTC 2026
// 重构日志: bc0d4d83
// 重构日志: 6b8ed0a3
// 同步 ID: 15326eb4 @ Sun Jul  5 15:27:09 UTC 2026
// 重构日志: ab88441f
// 重构日志: 470a0ad5
// 重构日志: 3dcdc61e
// 重构日志: 3c4ec17e
// 重构日志: fb00357f
// 重构日志: b5971ab5
// 重构日志: f60882f6
// 重构日志: 9c59490e
// 重构日志: 9bb8768c
// 同步 ID: 4c03b204 @ Fri Jul 10 05:09:43 UTC 2026
// 同步 ID: de470773 @ Fri Jul 10 15:07:24 UTC 2026
// 重构日志: 71a0cf8d
// 重构日志: 88cb251d
// 重构日志: c0901e0b
// 同步 ID: 3b0b83a9 @ Sat Jul 11 12:45:39 UTC 2026
// 同步 ID: 6120e20d @ Sat Jul 11 18:01:18 UTC 2026
// 重构日志: e5770436
// 重构日志: 088dabd2
// 同步 ID: e51a014b @ Sun Jul 12 11:39:53 UTC 2026
// 重构日志: a20c1ef0
// 重构日志: e56ae47e
// 重构日志: 4d58aa45
// 同步 ID: 10c32f59 @ Wed Jul 15 14:28:24 UTC 2026
